<<<<<<< HEAD
2018-09-17 10:02:30
AddPassword:Start
2018-09-17 10:02:31
AddPassword:{"ret":"1","msg":"未发现智能锁信息，无法添加密码"}
2018-09-17 10:02:33
UploadHZ:Start
2018-09-17 10:03:08
AddPassword:Start
2018-09-17 10:03:08
AddPassword:{"ret":"1","msg":"未发现智能锁信息，无法添加密码"}
2018-09-17 10:03:14
UploadHZ:Start
2018-09-17 10:04:28
AddPassword:Start
2018-09-17 10:04:28
AddPassword:{"ret":"1","msg":"未发现智能锁信息，无法添加密码"}
2018-09-17 10:04:29
UploadHZ:Start
2018-09-17 10:26:57
AddPassword:Start
2018-09-17 10:26:57
AddPassword:{"ret":"1","msg":"未发现智能锁信息，无法添加密码"}
2018-09-17 10:27:02
UploadHZ:Start
2018-09-17 10:37:39
AddPassword:Start
2018-09-17 10:37:40
AddPassword:{"ret":"1","msg":"未发现智能锁信息，无法添加密码"}
2018-09-17 10:37:43
UploadHZ:Start
=======
2018-09-17 12:01:28
UploadHZ:Start
2018-09-17 12:06:22
AddPassword:Start
2018-09-17 12:06:31
AddPassword:{}
2018-09-17 12:10:50
UploadHZ:Start
2018-09-17 12:13:00
UploadHZ:{"landLordId":"ff808081657f179e0165e5c5e40d681e","roomInfoId":"ff808081657f179e0165e5c5e40e681f","tenantRenterId":"ff808081657f179e0165e5c5e40e6820","result":"success"}

>>>>>>> 77869915af22d6090987f1b40b0b2ce7c7b73bff
