2017-02-18 21:45:25
The multi-part identifier "Sys_RSO.RSOID" could not be bound.
2017-02-18 21:45:29
The multi-part identifier "Sys_RSO.RSOID" could not be bound.
2017-02-18 21:45:42
The multi-part identifier "Sys_RSO.RSOID" could not be bound.
2017-02-18 21:45:46
The multi-part identifier "Sys_RSO.RSOID" could not be bound.
2017-02-18 21:46:17
The multi-part identifier "Sys_RSO.RSOID" could not be bound.
2017-02-18 21:54:39
The multi-part identifier "Sys_RSO.RSOID" could not be bound.
2017-02-18 22:48:57
Conversion failed when converting the nvarchar value 'FX' to data type int.
2017-02-18 22:49:03
Conversion failed when converting the nvarchar value 'CX' to data type int.
2017-02-18 22:49:07
Conversion failed when converting the nvarchar value 'JG' to data type int.
2017-02-18 22:49:14
Conversion failed when converting the nvarchar value 'JZLX' to data type int.
2017-02-18 22:49:20
Conversion failed when converting the nvarchar value 'FWXZ' to data type int.
2017-02-18 22:50:03
Conversion failed when converting the nvarchar value 'FX' to data type int.
