2018-04-16 14:13:14
管理员 登录系统
2018-04-16 14:15:36
天塔派出所 登录系统
2018-04-16 14:18:05
管理员 登录系统
2018-04-16 14:18:55
天塔派出所 登录系统
2018-04-16 14:35:24
管理员 登录系统
2018-04-16 14:36:55
环湖南里物业 登录系统
2018-04-16 14:37:23
友谊路派出所 登录系统
2018-04-16 14:38:58
管理员 登录系统
2018-04-16 14:48:42
环湖南里物业 登录系统
2018-04-16 14:49:37
管理员 登录系统
2018-04-16 14:51:20
环湖南里物业 登录系统
2018-04-16 14:52:23
天塔派出所 登录系统
2018-04-16 14:55:48
王明国 登录系统
2018-04-16 14:56:10
管理员 登录系统
2018-04-16 14:57:24
王明国 登录系统
2018-04-16 14:57:37
管理员 登录系统
2018-04-16 14:58:21
王明国 登录系统
2018-04-16 15:00:39
管理员 登录系统
2018-04-16 15:01:05
王明国 登录系统
2018-04-16 15:45:03
管理员 登录系统
2018-04-16 16:05:43
管理员 登录系统
2018-04-16 16:08:53
王明国 登录系统
